C51 COMPILER V9.56.0.0   MAIN                                                              11/20/2018 18:32:58 PAGE 1   


C51 COMPILER V9.56.0.0, COMPILATION OF MODULE MAIN
OBJECT MODULE PLACED IN .\Objects\main.obj
COMPILER INVOKED BY: C:\Keil_v5\C51\BIN\C51.EXE main.c OPTIMIZE(8,SPEED) BROWSE DEBUG OBJECTEXTEND PRINT(.\Listings\main
                    -.lst) TABS(2) OBJECT(.\Objects\main.obj)

line level    source

   1          #include "reg52.h"       //此文件中定义了单片机的一些特殊功能寄存器
   2          #include "ds1302.h" 
   3          #include "stdio.h"
   4          
   5          sbit LSA=P2^2;
   6          sbit LSB=P2^3;
   7          sbit LSC=P2^4;
   8          sbit K1=P3^0;
   9          sbit K2=P3^1;
  10          
  11          unsigned char DisplayData[8];
  12          unsigned char code smgduan[]={0x3f,0x06,0x5b,0x4f,0x66,0x6d,0x7d,0x07,0x7f,0x6f};
  13          
  14          /*******************************************************************************
  15          * 函 数 名      : delay
  16          * 函数功能       : 延时函数，i=1时，大约延时10us
  17          *******************************************************************************/
  18          void delay(int i)
  19          {
  20   1        while(i--); 
  21   1      }
  22          
  23          
  24          /*******************************************************************************
  25          * 函数名         :DigDisplay()
  26          * 函数功能       :数码管显示函数
  27          * 输入           : 无
  28          * 输出           : 无
  29          *******************************************************************************/
  30          void DigDisplay()
  31          {
  32   1        int i;
  33   1        for(i=0;i<8;i++)
  34   1        {
  35   2          switch(i)  //位选，选择点亮的数码管，
  36   2          {
  37   3            case(0):
  38   3              LSA=0;LSB=0;LSC=0; break;//显示第0位
  39   3            case(1):
  40   3              LSA=1;LSB=0;LSC=0; break;//显示第1位
  41   3            case(2):
  42   3              LSA=0;LSB=1;LSC=0; break;//显示第2位
  43   3            case(3):
  44   3              LSA=1;LSB=1;LSC=0; break;//显示第3位
  45   3            case(4):
  46   3              LSA=0;LSB=0;LSC=1; break;//显示第4位
  47   3            case(5):
  48   3              LSA=1;LSB=0;LSC=1; break;//显示第5位  
  49   3            case(6):
  50   3              LSA=0;LSB=1;LSC=1; break;//显示第6位  
  51   3            case(7):
  52   3              LSA=1;LSB=1;LSC=1; break;//显示第7位
  53   3          }
  54   2          P0=DisplayData[7-i];//发送数据
C51 COMPILER V9.56.0.0   MAIN                                                              11/20/2018 18:32:58 PAGE 2   

  55   2          delay(100); // 延时
  56   2          P0=0x00;//消隐
  57   2        }   
  58   1      }
  59          
  60          /*******************************************************************************
  61          * 函 数 名       : main
  62          * 函数功能       : 主函数
  63          * 输    入       : 无
  64          * 输    出       : 无
  65          *******************************************************************************/
  66          void main()
  67          { 
  68   1        int k = 0;
  69   1        Ds1302Init();
  70   1        while(1) {
  71   2          Ds1302ReadTime();
  72   2          if(K1 == 0) {
  73   3            k = 0;
  74   3          } else if(K2 == 0) {
  75   3            k = 1;
  76   3          }
  77   2          if(k == 0) {
  78   3            DisplayData[0] = smgduan[TIME[2] / 0X10];
  79   3            DisplayData[1] = smgduan[TIME[2] % 0X10];
  80   3            DisplayData[2] = 0x00;
  81   3            DisplayData[3] = smgduan[TIME[1] % 0X10];
  82   3            DisplayData[4] = smgduan[TIME[1] / 0X10];
  83   3            DisplayData[5] = 0x00;
  84   3            DisplayData[6] = smgduan[TIME[0] / 0X10];
  85   3            DisplayData[7] = smgduan[TIME[0] % 0X10];
  86   3          } else {
  87   3            DisplayData[0] = smgduan[2];
  88   3            DisplayData[1] = smgduan[0];
  89   3            DisplayData[2] = smgduan[TIME[6] / 0X10];
  90   3            DisplayData[3] = smgduan[TIME[6] % 0X10];
  91   3            DisplayData[4] = smgduan[TIME[4] / 0X10];
  92   3            DisplayData[5] = smgduan[TIME[4] % 0X10];
  93   3            DisplayData[6] = smgduan[TIME[3] / 0X10];
  94   3            DisplayData[7] = smgduan[TIME[6] % 0X10];
  95   3          }
  96   2          DigDisplay();
  97   2        }
  98   1      }


MODULE INFORMATION:   STATIC OVERLAYABLE
   CODE SIZE        =    285    ----
   CONSTANT SIZE    =     10    ----
   XDATA SIZE       =   ----    ----
   PDATA SIZE       =   ----    ----
   DATA SIZE        =      8       2
   IDATA SIZE       =   ----    ----
   BIT SIZE         =   ----    ----
END OF MODULE INFORMATION.


C51 COMPILATION COMPLETE.  0 WARNING(S),  0 ERROR(S)
