C51 COMPILER V9.56.0.0   LCD                                                               12/11/2018 12:17:53 PAGE 1   


C51 COMPILER V9.56.0.0, COMPILATION OF MODULE LCD
OBJECT MODULE PLACED IN .\Objects\lcd.obj
COMPILER INVOKED BY: C:\Keil_v5\C51\BIN\C51.EXE lcd.c OPTIMIZE(8,SPEED) BROWSE DEBUG OBJECTEXTEND PRINT(.\Listings\lcd.l
                    -st) TABS(2) OBJECT(.\Objects\lcd.obj)

line level    source

   1          #include "lcd.h"
   2          #include "nrf24l01.h"
   3          
   4          /*******************************************************************************
   5          * 函 数 名         : LcdWriteCom
   6          * 函数功能       : 向LCD写入一个字节的命令
   7          * 输    入         : com
   8          * 输    出         : 无
   9          *******************************************************************************/
  10          #ifndef   LCD1602_4PINS  //当没有定义这个LCD1602_4PINS时
  11          void LcdWriteCom(uchar com)   //写入命令
  12          {
  13   1        LCD1602_E = 0;     //使能
  14   1        LCD1602_RS = 0;    //选择发送命令
  15   1        LCD1602_RW = 0;    //选择写入
  16   1        
  17   1        LCD1602_DATAPINS = com;     //放入命令
  18   1        Delay1ms(1);    //等待数据稳定
  19   1      
  20   1        LCD1602_E = 1;            //写入时序
  21   1        Delay1ms(5);    //保持时间
  22   1        LCD1602_E = 0;
  23   1      }
  24          #else 
              void LcdWriteCom(uchar com)   //写入命令
              {
                LCD1602_E = 0;   //使能清零
                LCD1602_RS = 0;  //选择写入命令
                LCD1602_RW = 0;  //选择写入
              
                LCD1602_DATAPINS = com; //由于4位的接线是接到P0口的高四位，所以传送高四位不用改
                Delay1ms(1);
              
                LCD1602_E = 1;   //写入时序
                Delay1ms(5);
                LCD1602_E = 0;
              
                LCD1602_DATAPINS = com << 4; //发送低四位
                Delay1ms(1);
              
                LCD1602_E = 1;   //写入时序
                Delay1ms(5);
                LCD1602_E = 0;
              }
              #endif
  46          /*******************************************************************************
  47          * 函 数 名         : LcdWriteData
  48          * 函数功能       : 向LCD写入一个字节的数据
  49          * 输    入         : dat
  50          * 输    出         : 无
  51          *******************************************************************************/       
  52          #ifndef   LCD1602_4PINS      
  53          void LcdWriteData(uchar dat)      //写入数据
  54          {
C51 COMPILER V9.56.0.0   LCD                                                               12/11/2018 12:17:53 PAGE 2   

  55   1        LCD1602_E = 0;  //使能清零
  56   1        LCD1602_RS = 1; //选择输入数据
  57   1        LCD1602_RW = 0; //选择写入
  58   1      
  59   1        LCD1602_DATAPINS = dat; //写入数据
  60   1        Delay1ms(1);
  61   1      
  62   1        LCD1602_E = 1;   //写入时序
  63   1        Delay1ms(5);   //保持时间
  64   1        LCD1602_E = 0;
  65   1      }
  66          #else
              void LcdWriteData(uchar dat)      //写入数据
              {
                LCD1602_E = 0;    //使能清零
                LCD1602_RS = 1;   //选择写入数据
                LCD1602_RW = 0;   //选择写入
              
                LCD1602_DATAPINS = dat; //由于4位的接线是接到P0口的高四位，所以传送高四位不用改
                Delay1ms(1);
              
                LCD1602_E = 1;    //写入时序
                Delay1ms(5);
                LCD1602_E = 0;
              
                LCD1602_DATAPINS = dat << 4; //写入低四位
                Delay1ms(1);
              
                LCD1602_E = 1;    //写入时序
                Delay1ms(5);
                LCD1602_E = 0;
              }
              #endif
  88          /*******************************************************************************
  89          * 函 数 名       : LcdInit()
  90          * 函数功能     : 初始化LCD屏
  91          * 输    入       : 无
  92          * 输    出       : 无
  93          *******************************************************************************/       
  94          #ifndef   LCD1602_4PINS
  95          void LcdInit()              //LCD初始化子程序
  96          {
  97   1        LcdWriteCom(0x38);  //开显示
  98   1        LcdWriteCom(0x0c);  //开显示不显示光标
  99   1        LcdWriteCom(0x06);  //写一个指针加1
 100   1        LcdWriteCom(0x01);  //清屏
 101   1        LcdWriteCom(0x80);  //设置数据指针起点
 102   1      }
 103          #else
              void LcdInit()              //LCD初始化子程序
              {
                LcdWriteCom(0x32);   //将8位总线转为4位总线
                LcdWriteCom(0x28);   //在四位线下的初始化
                LcdWriteCom(0x0c);  //开显示不显示光标
                LcdWriteCom(0x06);  //写一个指针加1
                LcdWriteCom(0x01);  //清屏
                LcdWriteCom(0x80);  //设置数据指针起点
              }
              #endif


MODULE INFORMATION:   STATIC OVERLAYABLE
C51 COMPILER V9.56.0.0   LCD                                                               12/11/2018 12:17:53 PAGE 3   

   CODE SIZE        =     79    ----
   CONSTANT SIZE    =   ----    ----
   XDATA SIZE       =   ----    ----
   PDATA SIZE       =   ----    ----
   DATA SIZE        =   ----    ----
   IDATA SIZE       =   ----    ----
   BIT SIZE         =   ----    ----
END OF MODULE INFORMATION.


C51 COMPILATION COMPLETE.  0 WARNING(S),  0 ERROR(S)
