C51 COMPILER V9.56.0.0   I2C                                                               11/26/2018 09:33:23 PAGE 1   


C51 COMPILER V9.56.0.0, COMPILATION OF MODULE I2C
OBJECT MODULE PLACED IN .\Objects\i2c.obj
COMPILER INVOKED BY: C:\Keil_v5\C51\BIN\C51.EXE i2c.c OPTIMIZE(8,SPEED) BROWSE DEBUG OBJECTEXTEND PRINT(.\Listings\i2c.l
                    -st) TABS(2) OBJECT(.\Objects\i2c.obj)

line level    source

   1          #include"i2c.h"
   2          #include "reg52.h"
   3          
   4          /*******************************************************************************
   5          * 函数名         : Delay10us()
   6          * 函数功能       : 延时10us
   7          * 输入           : 无
   8          * 输出           : 无
   9          *******************************************************************************/
  10          
  11          void Delay10us()
  12          {
  13   1        unsigned char a,b;
  14   1        for(b=1;b>0;b--)
  15   1          for(a=2;a>0;a--);
  16   1      
  17   1      }
  18          /*******************************************************************************
  19          * 函数名         : I2cStart()
  20          * 函数功能     : 起始信号：在SCL时钟信号在高电平期间SDA信号产生一个下降沿
  21          * 输入           : 无
  22          * 输出           : 无
  23          * 备注           : 起始之后SDA和SCL都为0
  24          *******************************************************************************/
  25          
  26          void I2cStart()
  27          {
  28   1        SDA=1;
  29   1        Delay10us();
  30   1        SCL=1;
  31   1        Delay10us();//建立时间是SDA保持时间>4.7us
  32   1        SDA=0;
  33   1        Delay10us();//保持时间是>4us
  34   1        SCL=0;      
  35   1        Delay10us();    
  36   1      }
  37          /*******************************************************************************
  38          * 函数名         : I2cStop()
  39          * 函数功能     : 终止信号：在SCL时钟信号高电平期间SDA信号产生一个上升沿
  40          * 输入           : 无
  41          * 输出           : 无
  42          * 备注           : 结束之后保持SDA和SCL都为1；表示总线空闲
  43          *******************************************************************************/
  44          
  45          void I2cStop()
  46          {
  47   1        SDA=0;
  48   1        Delay10us();
  49   1        SCL=1;
  50   1        Delay10us();//建立时间大于4.7us
  51   1        SDA=1;
  52   1        Delay10us();    
  53   1      }
  54          /*******************************************************************************
C51 COMPILER V9.56.0.0   I2C                                                               11/26/2018 09:33:23 PAGE 2   

  55          * 函数名         : I2cSendByte(unsigned char dat)
  56          * 函数功能     : 通过I2C发送一个字节。在SCL时钟信号高电平期间，保持发送信号SDA保持稳定
  57          * 输入           : num
  58          * 输出           : 0或1。发送成功返回1，发送失败返回0
  59          * 备注           : 发送完一个字节SCL=0,SDA=1
  60          *******************************************************************************/
  61          
  62          unsigned char I2cSendByte(unsigned char dat)
  63          {
  64   1        unsigned char a=0,b=0;//最大255，一个机器周期为1us，最大延时255us。   
  65   1        for(a=0;a<8;a++)//要发送8位，从最高位开始
  66   1        {
  67   2          SDA=dat>>7;  //起始信号之后SCL=0，所以可以直接改变SDA信号
  68   2          dat=dat<<1;
  69   2          Delay10us();
  70   2          SCL=1;
  71   2          Delay10us();//建立时间>4.7us
  72   2          SCL=0;
  73   2          Delay10us();//时间大于4us   
  74   2        }
  75   1        SDA=1;
  76   1        Delay10us();
  77   1        SCL=1;
  78   1        while(SDA)//等待应答，也就是等待从设备把SDA拉低
  79   1        {
  80   2          b++;
  81   2          if(b>200)  //如果超过2000us没有应答发送失败，或者为非应答，表示接收结束
  82   2          {
  83   3            SCL=0;
  84   3            Delay10us();
  85   3            return 0;
  86   3          }
  87   2        }
  88   1        SCL=0;
  89   1        Delay10us();
  90   1        return 1;   
  91   1      }
  92          /*******************************************************************************
  93          * 函数名         : I2cReadByte()
  94          * 函数功能       : 使用I2c读取一个字节
  95          * 输入           : 无
  96          * 输出           : dat
  97          * 备注           : 接收完一个字节SCL=0,SDA=1.
  98          *******************************************************************************/
  99          
 100          unsigned char I2cReadByte()
 101          {
 102   1        unsigned char a=0,dat=0;
 103   1        SDA=1;      //起始和发送一个字节之后SCL都是0
 104   1        Delay10us();
 105   1        for(a=0;a<8;a++)//接收8个字节
 106   1        {
 107   2          SCL=1;
 108   2          Delay10us();
 109   2          dat<<=1;
 110   2          dat|=SDA;
 111   2          Delay10us();
 112   2          SCL=0;
 113   2          Delay10us();
 114   2        }
 115   1        return dat;   
 116   1      }
C51 COMPILER V9.56.0.0   I2C                                                               11/26/2018 09:33:23 PAGE 3   

 117          
 118          
 119          /*******************************************************************************
 120          * 函数名         : void At24c02Write(unsigned char addr,unsigned char dat)
 121          * 函数功能       : 往24c02的一个地址写入一个数据
 122          * 输入           : 无
 123          * 输出           : 无
 124          *******************************************************************************/
 125          
 126          void At24c02Write(unsigned char addr,unsigned char dat)
 127          {
 128   1        I2cStart();
 129   1        I2cSendByte(0xa0);//发送写器件地址
 130   1        I2cSendByte(addr);//发送要写入内存地址
 131   1        I2cSendByte(dat);//发送数据
 132   1        I2cStop();
 133   1      }
 134          /*******************************************************************************
 135          * 函数名         : unsigned char At24c02Read(unsigned char addr)
 136          * 函数功能       : 读取24c02的一个地址的一个数据
 137          * 输入           : 无
 138          * 输出           : 无
 139          *******************************************************************************/
 140          
 141          unsigned char At24c02Read(unsigned char addr)
 142          {
 143   1        unsigned char num;
 144   1        I2cStart();
 145   1        I2cSendByte(0xa0); //发送写器件地址
 146   1        I2cSendByte(addr); //发送要读取的地址
 147   1        I2cStart();
 148   1        I2cSendByte(0xa1); //发送读器件地址
 149   1        num=I2cReadByte(); //读取数据
 150   1        I2cStop();
 151   1        return num; 
 152   1      }


MODULE INFORMATION:   STATIC OVERLAYABLE
   CODE SIZE        =    201    ----
   CONSTANT SIZE    =   ----    ----
   XDATA SIZE       =   ----    ----
   PDATA SIZE       =   ----    ----
   DATA SIZE        =   ----    ----
   IDATA SIZE       =   ----    ----
   BIT SIZE         =   ----    ----
END OF MODULE INFORMATION.


C51 COMPILATION COMPLETE.  0 WARNING(S),  0 ERROR(S)
