C51 COMPILER V9.56.0.0   MAIN                                                              11/26/2018 09:33:23 PAGE 1   


C51 COMPILER V9.56.0.0, COMPILATION OF MODULE MAIN
OBJECT MODULE PLACED IN .\Objects\main.obj
COMPILER INVOKED BY: C:\Keil_v5\C51\BIN\C51.EXE main.c OPTIMIZE(8,SPEED) BROWSE DEBUG OBJECTEXTEND PRINT(.\Listings\main
                    -.lst) TABS(2) OBJECT(.\Objects\main.obj)

line level    source

   1          #include "reg52.h"       //此文件中定义了单片机的一些特殊功能寄存器
   2          #include "i2c.h"  
   3          #include "stdio.h"
   4          
   5          sbit LSA=P2^2;
   6          sbit LSB=P2^3;
   7          sbit LSC=P2^4;
   8          
   9          unsigned char DisplayData[8];
  10          unsigned char code smgduan[]={0x3f,0x06,0x5b,0x4f,0x66,0x6d,0x7d,0x07,0x7f,0x6f};
  11          
  12          /*******************************************************************************
  13          * 函 数 名      : delay
  14          * 函数功能       : 延时函数，i=1时，大约延时10us
  15          *******************************************************************************/
  16          void delay(int i)
  17          {
  18   1        while(i--); 
  19   1      }
  20          
  21          
  22          /*******************************************************************************
  23          * 函数名         :DigDisplay()
  24          * 函数功能       :数码管显示函数
  25          * 输入           : 无
  26          * 输出           : 无
  27          *******************************************************************************/
  28          void DigDisplay()
  29          {
  30   1        int i;
  31   1        for(i=0;i<8;i++)
  32   1        {
  33   2          switch(i)  //位选，选择点亮的数码管，
  34   2          {
  35   3            case(0):
  36   3              LSA=0;LSB=0;LSC=0; break;//显示第0位
  37   3            case(1):
  38   3              LSA=1;LSB=0;LSC=0; break;//显示第1位
  39   3            case(2):
  40   3              LSA=0;LSB=1;LSC=0; break;//显示第2位
  41   3            case(3):
  42   3              LSA=1;LSB=1;LSC=0; break;//显示第3位
  43   3            case(4):
  44   3              LSA=0;LSB=0;LSC=1; break;//显示第4位
  45   3            case(5):
  46   3              LSA=1;LSB=0;LSC=1; break;//显示第5位  
  47   3            case(6):
  48   3              LSA=0;LSB=1;LSC=1; break;//显示第6位  
  49   3            case(7):
  50   3              LSA=1;LSB=1;LSC=1; break;//显示第7位
  51   3          }
  52   2          P0=DisplayData[7-i];//发送数据
  53   2          delay(100); // 延时
  54   2          P0=0x00;//消隐
C51 COMPILER V9.56.0.0   MAIN                                                              11/26/2018 09:33:23 PAGE 2   

  55   2        }   
  56   1      }
  57          
  58          /*******************************************************************************
  59          * 函 数 名       : main
  60          * 函数功能       : 主函数
  61          * 输    入       : 无
  62          * 输    出       : 无
  63          *******************************************************************************/
  64          void main()
  65          { 
  66   1          unsigned char i, addr = 0x00, dat[] = {2, 1, 1, 2, 1, 1, 1, 0};
  67   1          for(i = 0; i < 8; i ++) {
  68   2            At24c02Write(addr + i, dat[i]); // 写入数据
  69   2            delay(1000); // 延时
  70   2          }
  71   1          printf("Write data successfully!\n");
  72   1          for(i = 0; i < 8; i ++) {     
  73   2            DisplayData[i] = smgduan[At24c02Read(addr + i)]; // 取出数据
  74   2          }
  75   1          while(1) {
  76   2            DigDisplay(); //数码管显示数据
  77   2          }
  78   1      }


MODULE INFORMATION:   STATIC OVERLAYABLE
   CODE SIZE        =    233    ----
   CONSTANT SIZE    =     44    ----
   XDATA SIZE       =   ----    ----
   PDATA SIZE       =   ----    ----
   DATA SIZE        =      8      10
   IDATA SIZE       =   ----    ----
   BIT SIZE         =   ----    ----
END OF MODULE INFORMATION.


C51 COMPILATION COMPLETE.  0 WARNING(S),  0 ERROR(S)
